
> erp-adi-backend@0.1.0 dev
> ts-node-dev -r tsconfig-paths/register --respawn --transpile-only src/index.ts

[INFO] 15:35:40 ts-node-dev ver. 2.0.0 (using ts-node ver. 10.9.2, typescript ver. 5.9.3)
🚀 Server running on port 4000
prisma:error 
Invalid `prisma.user.findUnique()` invocation in
/app/backend/src/api/controllers/auth.controller.ts:28:40

  25 try {
  26     const { email, password } = loginSchema.parse(req.body);
  27 
→ 28     const user = await prisma.user.findUnique(
Can't reach database server at `localhost:5432`

Please make sure your database server is running at `localhost:5432`.
Login error: PrismaClientInitializationError: 
Invalid `prisma.user.findUnique()` invocation in
/app/backend/src/api/controllers/auth.controller.ts:28:40

  25 try {
  26     const { email, password } = loginSchema.parse(req.body);
  27 
→ 28     const user = await prisma.user.findUnique(
Can't reach database server at `localhost:5432`

Please make sure your database server is running at `localhost:5432`.
    at $n.handleRequestError (/app/backend/node_modules/@prisma/client/runtime/library.js:121:7615)
    at $n.handleAndLogRequestError (/app/backend/node_modules/@prisma/client/runtime/library.js:121:6623)
    at $n.request (/app/backend/node_modules/@prisma/client/runtime/library.js:121:6307)
    at l (/app/backend/node_modules/@prisma/client/runtime/library.js:130:9633) {
  clientVersion: '5.22.0',
  errorCode: undefined
}
[0mPOST /api/auth/login [31m500[0m 85.592 ms - 35[0m
